This is pdfTeX, Version 3.141592653-2.6-1.40.22 (TeX Live 2022/dev/Debian) (preloaded format=pdflatex 2024.4.2)  19 JUL 2024 17:29
entering extended mode
 restricted \write18 enabled.
 %&-line parsing enabled.
**Relatorio.tex
(./Relatorio.tex
LaTeX2e <2021-11-15> patch level 1
L3 programming layer <2022-01-21>
(/usr/share/texlive/texmf-dist/tex/latex/base/article.cls
Document Class: article 2021/10/04 v1.4n Standard LaTeX document class
(/usr/share/texlive/texmf-dist/tex/latex/base/size10.clo
File: size10.clo 2021/10/04 v1.4n Standard LaTeX file (size option)
)
\c@part=\count185
\c@section=\count186
\c@subsection=\count187
\c@subsubsection=\count188
\c@paragraph=\count189
\c@subparagraph=\count190
\c@figure=\count191
\c@table=\count192
\abovecaptionskip=\skip47
\belowcaptionskip=\skip48
\bibindent=\dimen138
)
(/usr/share/texlive/texmf-dist/tex/latex/geometry/geometry.sty
Package: geometry 2020/01/02 v5.9 Page Geometry

(/usr/share/texlive/texmf-dist/tex/latex/graphics/keyval.sty
Package: keyval 2014/10/28 v1.15 key=value parser (DPC)
\KV@toks@=\toks16
)
(/usr/share/texlive/texmf-dist/tex/generic/iftex/ifvtex.sty
Package: ifvtex 2019/10/25 v1.7 ifvtex legacy package. Use iftex instead.

(/usr/share/texlive/texmf-dist/tex/generic/iftex/iftex.sty
Package: iftex 2020/03/06 v1.0d TeX engine tests
))
\Gm@cnth=\count193
\Gm@cntv=\count194
\c@Gm@tempcnt=\count195
\Gm@bindingoffset=\dimen139
\Gm@wd@mp=\dimen140
\Gm@odd@mp=\dimen141
\Gm@even@mp=\dimen142
\Gm@layoutwidth=\dimen143
\Gm@layoutheight=\dimen144
\Gm@layouthoffset=\dimen145
\Gm@layoutvoffset=\dimen146
\Gm@dimlist=\toks17
)
(/usr/share/texlive/texmf-dist/tex/latex/natbib/natbib.sty
Package: natbib 2010/09/13 8.31b (PWD, AO)
\bibhang=\skip49
\bibsep=\skip50
LaTeX Info: Redefining \cite on input line 694.
\c@NAT@ctr=\count196
)
(/usr/share/texlive/texmf-dist/tex/latex/amsfonts/amssymb.sty
Package: amssymb 2013/01/14 v3.01 AMS font symbols

(/usr/share/texlive/texmf-dist/tex/latex/amsfonts/amsfonts.sty
Package: amsfonts 2013/01/14 v3.01 Basic AMSFonts support
\@emptytoks=\toks18
\symAMSa=\mathgroup4
\symAMSb=\mathgroup5
LaTeX Font Info:    Redeclaring math symbol \hbar on input line 98.
LaTeX Font Info:    Overwriting math alphabet `\mathfrak' in version `bold'
(Font)                  U/euf/m/n --> U/euf/b/n on input line 106.
))
(/usr/share/texlive/texmf-dist/tex/latex/amsmath/amsmath.sty
Package: amsmath 2021/10/15 v2.17l AMS math features
\@mathmargin=\skip51

For additional information on amsmath, use the `?' option.
(/usr/share/texlive/texmf-dist/tex/latex/amsmath/amstext.sty
Package: amstext 2021/08/26 v2.01 AMS text

(/usr/share/texlive/texmf-dist/tex/latex/amsmath/amsgen.sty
File: amsgen.sty 1999/11/30 v2.0 generic functions
\@emptytoks=\toks19
\ex@=\dimen147
))
(/usr/share/texlive/texmf-dist/tex/latex/amsmath/amsbsy.sty
Package: amsbsy 1999/11/29 v1.2d Bold Symbols
\pmbraise@=\dimen148
)
(/usr/share/texlive/texmf-dist/tex/latex/amsmath/amsopn.sty
Package: amsopn 2021/08/26 v2.02 operator names
)
\inf@bad=\count197
LaTeX Info: Redefining \frac on input line 234.
\uproot@=\count198
\leftroot@=\count199
LaTeX Info: Redefining \overline on input line 399.
\classnum@=\count266
\DOTSCASE@=\count267
LaTeX Info: Redefining \ldots on input line 496.
LaTeX Info: Redefining \dots on input line 499.
LaTeX Info: Redefining \cdots on input line 620.
\Mathstrutbox@=\box50
\strutbox@=\box51
\big@size=\dimen149
LaTeX Font Info:    Redeclaring font encoding OML on input line 743.
LaTeX Font Info:    Redeclaring font encoding OMS on input line 744.
\macc@depth=\count268
\c@MaxMatrixCols=\count269
\dotsspace@=\muskip16
\c@parentequation=\count270
\dspbrk@lvl=\count271
\tag@help=\toks20
\row@=\count272
\column@=\count273
\maxfields@=\count274
\andhelp@=\toks21
\eqnshift@=\dimen150
\alignsep@=\dimen151
\tagshift@=\dimen152
\tagwidth@=\dimen153
\totwidth@=\dimen154
\lineht@=\dimen155
\@envbody=\toks22
\multlinegap=\skip52
\multlinetaggap=\skip53
\mathdisplay@stack=\toks23
LaTeX Info: Redefining \[ on input line 2938.
LaTeX Info: Redefining \] on input line 2939.
)
(/usr/share/texlive/texmf-dist/tex/latex/graphics/graphicx.sty
Package: graphicx 2021/09/16 v1.2d Enhanced LaTeX Graphics (DPC,SPQR)

(/usr/share/texlive/texmf-dist/tex/latex/graphics/graphics.sty
Package: graphics 2021/03/04 v1.4d Standard LaTeX Graphics (DPC,SPQR)

(/usr/share/texlive/texmf-dist/tex/latex/graphics/trig.sty
Package: trig 2021/08/11 v1.11 sin cos tan (DPC)
)
(/usr/share/texlive/texmf-dist/tex/latex/graphics-cfg/graphics.cfg
File: graphics.cfg 2016/06/04 v1.11 sample graphics configuration
)
Package graphics Info: Driver file: pdftex.def on input line 107.

(/usr/share/texlive/texmf-dist/tex/latex/graphics-def/pdftex.def
File: pdftex.def 2020/10/05 v1.2a Graphics/color driver for pdftex
))
\Gin@req@height=\dimen156
\Gin@req@width=\dimen157
)
(/usr/share/texlive/texmf-dist/tex/latex/subfig/subfig.sty
Package: subfig 2005/06/28 ver: 1.3 subfig package

(/usr/share/texlive/texmf-dist/tex/latex/caption/caption.sty
Package: caption 2020/10/26 v3.5g Customizing captions (AR)

(/usr/share/texlive/texmf-dist/tex/latex/caption/caption3.sty
Package: caption3 2020/10/21 v2.2e caption3 kernel (AR)
\captionmargin=\dimen158
\captionmargin@=\dimen159
\captionwidth=\dimen160
\caption@tempdima=\dimen161
\caption@indent=\dimen162
\caption@parindent=\dimen163
\caption@hangindent=\dimen164
Package caption Info: Standard document class detected.
)
\c@caption@flags=\count275
\c@continuedfloat=\count276
)
\c@KVtest=\count277
\sf@farskip=\skip54
\sf@captopadj=\dimen165
\sf@capskip=\skip55
\sf@nearskip=\skip56
\c@subfigure=\count278
\c@subfigure@save=\count279
\c@lofdepth=\count280
\c@subtable=\count281
\c@subtable@save=\count282
\c@lotdepth=\count283
\sf@top=\skip57
\sf@bottom=\skip58
)
(/usr/share/texlive/texmf-dist/tex/latex/hyperref/hyperref.sty
Package: hyperref 2021-06-07 v7.00m Hypertext links for LaTeX

(/usr/share/texlive/texmf-dist/tex/generic/ltxcmds/ltxcmds.sty
Package: ltxcmds 2020-05-10 v1.25 LaTeX kernel commands for general use (HO)
)
(/usr/share/texlive/texmf-dist/tex/generic/pdftexcmds/pdftexcmds.sty
Package: pdftexcmds 2020-06-27 v0.33 Utility functions of pdfTeX for LuaTeX (HO
)

(/usr/share/texlive/texmf-dist/tex/generic/infwarerr/infwarerr.sty
Package: infwarerr 2019/12/03 v1.5 Providing info/warning/error messages (HO)
)
Package pdftexcmds Info: \pdf@primitive is available.
Package pdftexcmds Info: \pdf@ifprimitive is available.
Package pdftexcmds Info: \pdfdraftmode found.
)
(/usr/share/texlive/texmf-dist/tex/generic/kvsetkeys/kvsetkeys.sty
Package: kvsetkeys 2019/12/15 v1.18 Key value parser (HO)
)
(/usr/share/texlive/texmf-dist/tex/generic/kvdefinekeys/kvdefinekeys.sty
Package: kvdefinekeys 2019-12-19 v1.6 Define keys (HO)
)
(/usr/share/texlive/texmf-dist/tex/generic/pdfescape/pdfescape.sty
Package: pdfescape 2019/12/09 v1.15 Implements pdfTeX's escape features (HO)
)
(/usr/share/texlive/texmf-dist/tex/latex/hycolor/hycolor.sty
Package: hycolor 2020-01-27 v1.10 Color options for hyperref/bookmark (HO)
)
(/usr/share/texlive/texmf-dist/tex/latex/letltxmacro/letltxmacro.sty
Package: letltxmacro 2019/12/03 v1.6 Let assignment for LaTeX macros (HO)
)
(/usr/share/texlive/texmf-dist/tex/latex/auxhook/auxhook.sty
Package: auxhook 2019-12-17 v1.6 Hooks for auxiliary files (HO)
)
(/usr/share/texlive/texmf-dist/tex/latex/kvoptions/kvoptions.sty
Package: kvoptions 2020-10-07 v3.14 Key value format for package options (HO)
)
\@linkdim=\dimen166
\Hy@linkcounter=\count284
\Hy@pagecounter=\count285

(/usr/share/texlive/texmf-dist/tex/latex/hyperref/pd1enc.def
File: pd1enc.def 2021-06-07 v7.00m Hyperref: PDFDocEncoding definition (HO)
Now handling font encoding PD1 ...
... no UTF-8 mapping file for font encoding PD1
)
(/usr/share/texlive/texmf-dist/tex/latex/hyperref/hyperref-langpatches.def
File: hyperref-langpatches.def 2021-06-07 v7.00m Hyperref: patches for babel la
nguages
)
(/usr/share/texlive/texmf-dist/tex/generic/intcalc/intcalc.sty
Package: intcalc 2019/12/15 v1.3 Expandable calculations with integers (HO)
)
(/usr/share/texlive/texmf-dist/tex/generic/etexcmds/etexcmds.sty
Package: etexcmds 2019/12/15 v1.7 Avoid name clashes with e-TeX commands (HO)
)
\Hy@SavedSpaceFactor=\count286

(/usr/share/texlive/texmf-dist/tex/latex/hyperref/puenc.def
File: puenc.def 2021-06-07 v7.00m Hyperref: PDF Unicode definition (HO)
Now handling font encoding PU ...
... no UTF-8 mapping file for font encoding PU
)
Package hyperref Info: Hyper figures OFF on input line 4192.
Package hyperref Info: Link nesting OFF on input line 4197.
Package hyperref Info: Hyper index ON on input line 4200.
Package hyperref Info: Plain pages OFF on input line 4207.
Package hyperref Info: Backreferencing OFF on input line 4212.
Package hyperref Info: Implicit mode ON; LaTeX internals redefined.
Package hyperref Info: Bookmarks ON on input line 4445.
\c@Hy@tempcnt=\count287

(/usr/share/texlive/texmf-dist/tex/latex/url/url.sty
\Urlmuskip=\muskip17
Package: url 2013/09/16  ver 3.4  Verb mode for urls, etc.
)
LaTeX Info: Redefining \url on input line 4804.
\XeTeXLinkMargin=\dimen167

(/usr/share/texlive/texmf-dist/tex/generic/bitset/bitset.sty
Package: bitset 2019/12/09 v1.3 Handle bit-vector datatype (HO)

(/usr/share/texlive/texmf-dist/tex/generic/bigintcalc/bigintcalc.sty
Package: bigintcalc 2019/12/15 v1.5 Expandable calculations on big integers (HO
)
))
\Fld@menulength=\count288
\Field@Width=\dimen168
\Fld@charsize=\dimen169
Package hyperref Info: Hyper figures OFF on input line 6076.
Package hyperref Info: Link nesting OFF on input line 6081.
Package hyperref Info: Hyper index ON on input line 6084.
Package hyperref Info: backreferencing OFF on input line 6091.
Package hyperref Info: Link coloring OFF on input line 6096.
Package hyperref Info: Link coloring with OCG OFF on input line 6101.
Package hyperref Info: PDF/A mode OFF on input line 6106.
LaTeX Info: Redefining \ref on input line 6146.
LaTeX Info: Redefining \pageref on input line 6150.

(/usr/share/texlive/texmf-dist/tex/latex/base/atbegshi-ltx.sty
Package: atbegshi-ltx 2021/01/10 v1.0c Emulation of the original atbegshi
package with kernel methods
)
\Hy@abspage=\count289
\c@Item=\count290
\c@Hfootnote=\count291
)
Package hyperref Info: Driver (autodetected): hpdftex.

(/usr/share/texlive/texmf-dist/tex/latex/hyperref/hpdftex.def
File: hpdftex.def 2021-06-07 v7.00m Hyperref driver for pdfTeX

(/usr/share/texlive/texmf-dist/tex/latex/base/atveryend-ltx.sty
Package: atveryend-ltx 2020/08/19 v1.0a Emulation of the original atveryend pac
kage
with kernel methods
)
\Fld@listcount=\count292
\c@bookmark@seq@number=\count293

(/usr/share/texlive/texmf-dist/tex/latex/rerunfilecheck/rerunfilecheck.sty
Package: rerunfilecheck 2019/12/05 v1.9 Rerun checks for auxiliary files (HO)

(/usr/share/texlive/texmf-dist/tex/generic/uniquecounter/uniquecounter.sty
Package: uniquecounter 2019/12/15 v1.4 Provide unlimited unique counter (HO)
)
Package uniquecounter Info: New unique counter `rerunfilecheck' on input line 2
86.
)
\Hy@SectionHShift=\skip59
)
(/usr/share/texlive/texmf-dist/tex/latex/base/textcomp.sty
Package: textcomp 2020/02/02 v2.0n Standard LaTeX package
)
(/usr/share/texlive/texmf-dist/tex/latex/tools/array.sty
Package: array 2021/10/04 v2.5f Tabular extension package (FMi)
\col@sep=\dimen170
\ar@mcellbox=\box52
\extrarowheight=\dimen171
\NC@list=\toks24
\extratabsurround=\skip60
\backup@length=\skip61
\ar@cellbox=\box53
)
(/usr/share/texlive/texmf-dist/tex/latex/booktabs/booktabs.sty
Package: booktabs 2020/01/12 v1.61803398 Publication quality tables
\heavyrulewidth=\dimen172
\lightrulewidth=\dimen173
\cmidrulewidth=\dimen174
\belowrulesep=\dimen175
\belowbottomsep=\dimen176
\aboverulesep=\dimen177
\abovetopsep=\dimen178
\cmidrulesep=\dimen179
\cmidrulekern=\dimen180
\defaultaddspace=\dimen181
\@cmidla=\count294
\@cmidlb=\count295
\@aboverulesep=\dimen182
\@belowrulesep=\dimen183
\@thisruleclass=\count296
\@lastruleclass=\count297
\@thisrulewidth=\dimen184
)
(/usr/share/texlive/texmf-dist/tex/latex/makecell/makecell.sty
Package: makecell 2009/08/03 V0.1e Managing of Tab Column Heads and Cells
\rotheadsize=\dimen185
\c@nlinenum=\count298
\TeXr@lab=\toks25
)
(/usr/share/texlive/texmf-dist/tex/latex/comment/comment.sty
\CommentStream=\write3

Excluding comment 'comment')

Package geometry Warning: Over-specification in `h'-direction.
    `width' (483.69684pt) is ignored.


Package geometry Warning: Over-specification in `v'-direction.
    `height' (731.23582pt) is ignored.

(/usr/share/texlive/texmf-dist/tex/latex/l3backend/l3backend-pdftex.def
File: l3backend-pdftex.def 2022-01-12 L3 backend support: PDF output (pdfTeX)
\l__color_backend_stack_int=\count299
\l__pdf_internal_box=\box54
)
(./Relatorio.aux)
\openout1 = `Relatorio.aux'.

LaTeX Font Info:    Checking defaults for OML/cmm/m/it on input line 34.
LaTeX Font Info:    ... okay on input line 34.
LaTeX Font Info:    Checking defaults for OMS/cmsy/m/n on input line 34.
LaTeX Font Info:    ... okay on input line 34.
LaTeX Font Info:    Checking defaults for OT1/cmr/m/n on input line 34.
LaTeX Font Info:    ... okay on input line 34.
LaTeX Font Info:    Checking defaults for T1/cmr/m/n on input line 34.
LaTeX Font Info:    ... okay on input line 34.
LaTeX Font Info:    Checking defaults for TS1/cmr/m/n on input line 34.
LaTeX Font Info:    ... okay on input line 34.
LaTeX Font Info:    Checking defaults for OMX/cmex/m/n on input line 34.
LaTeX Font Info:    ... okay on input line 34.
LaTeX Font Info:    Checking defaults for U/cmr/m/n on input line 34.
LaTeX Font Info:    ... okay on input line 34.
LaTeX Font Info:    Checking defaults for PD1/pdf/m/n on input line 34.
LaTeX Font Info:    ... okay on input line 34.
LaTeX Font Info:    Checking defaults for PU/pdf/m/n on input line 34.
LaTeX Font Info:    ... okay on input line 34.

*geometry* driver: auto-detecting
*geometry* detected driver: pdftex
*geometry* verbose mode - [ preamble ] result:
* driver: pdftex
* paper: a4paper
* layout: <same size as paper>
* layoutoffset:(h,v)=(0.0pt,0.0pt)
* modes: 
* h-part:(L,W,R)=(85.35826pt, 455.24411pt, 56.9055pt)
* v-part:(T,H,B)=(85.35826pt, 702.78308pt, 56.9055pt)
* \paperwidth=597.50787pt
* \paperheight=845.04684pt
* \textwidth=455.24411pt
* \textheight=702.78308pt
* \oddsidemargin=13.08827pt
* \evensidemargin=13.08827pt
* \topmargin=-23.91173pt
* \headheight=12.0pt
* \headsep=25.0pt
* \topskip=10.0pt
* \footskip=30.0pt
* \marginparwidth=65.0pt
* \marginparsep=11.0pt
* \columnsep=10.0pt
* \skip\footins=9.0pt plus 4.0pt minus 2.0pt
* \hoffset=0.0pt
* \voffset=0.0pt
* \mag=1000
* \@twocolumnfalse
* \@twosidefalse
* \@mparswitchfalse
* \@reversemarginfalse
* (1in=72.27pt=25.4mm, 1cm=28.453pt)

(/usr/share/texlive/texmf-dist/tex/context/base/mkii/supp-pdf.mkii
[Loading MPS to PDF converter (version 2006.09.02).]
\scratchcounter=\count300
\scratchdimen=\dimen186
\scratchbox=\box55
\nofMPsegments=\count301
\nofMParguments=\count302
\everyMPshowfont=\toks26
\MPscratchCnt=\count303
\MPscratchDim=\dimen187
\MPnumerator=\count304
\makeMPintoPDFobject=\count305
\everyMPtoPDFconversion=\toks27
) (/usr/share/texlive/texmf-dist/tex/latex/epstopdf-pkg/epstopdf-base.sty
Package: epstopdf-base 2020-01-24 v2.11 Base part for package epstopdf
Package epstopdf-base Info: Redefining graphics rule for `.eps' on input line 4
85.

(/usr/share/texlive/texmf-dist/tex/latex/latexconfig/epstopdf-sys.cfg
File: epstopdf-sys.cfg 2010/07/13 v1.3 Configuration of (r)epstopdf for TeX Liv
e
))
Package caption Info: Begin \AtBeginDocument code.
Package caption Info: subfig package v1.3 is loaded.
Package caption Info: hyperref package is loaded.
Package caption Info: End \AtBeginDocument code.
Package hyperref Info: Link coloring OFF on input line 34.

(/usr/share/texlive/texmf-dist/tex/latex/hyperref/nameref.sty
Package: nameref 2021-04-02 v2.47 Cross-referencing by name of section

(/usr/share/texlive/texmf-dist/tex/latex/refcount/refcount.sty
Package: refcount 2019/12/15 v3.6 Data extraction from label references (HO)
)
(/usr/share/texlive/texmf-dist/tex/generic/gettitlestring/gettitlestring.sty
Package: gettitlestring 2019/12/15 v1.6 Cleanup title references (HO)
)
\c@section@level=\count306
)
LaTeX Info: Redefining \ref on input line 34.
LaTeX Info: Redefining \pageref on input line 34.
LaTeX Info: Redefining \nameref on input line 34.

(./Relatorio.out) (./Relatorio.out)
\@outlinefile=\write4
\openout4 = `Relatorio.out'.

LaTeX Font Info:    Trying to load font information for U+msa on input line 42.


(/usr/share/texlive/texmf-dist/tex/latex/amsfonts/umsa.fd
File: umsa.fd 2013/01/14 v3.01 AMS symbols A
)
LaTeX Font Info:    Trying to load font information for U+msb on input line 42.


(/usr/share/texlive/texmf-dist/tex/latex/amsfonts/umsb.fd
File: umsb.fd 2013/01/14 v3.01 AMS symbols B
) (./Relatorio.toc)
\tf@toc=\write5
\openout5 = `Relatorio.toc'.


[1

{/var/lib/texmf/fonts/map/pdftex/updmap/pdftex.map}]
<./imagens//Esquema-Floresta.png, id=61, 1252.68pt x 686.565pt>
File: ./imagens//Esquema-Floresta.png Graphic file (type png)
<use ./imagens//Esquema-Floresta.png>
Package pdftex.def Info: ./imagens//Esquema-Floresta.png  used on input line 63
.
(pdftex.def)             Requested size: 375.8069pt x 205.97108pt.
 [2 <./imagens//Esquema-Floresta.png>] [3]
<./imagens//MaxV-ManyK.png, id=93, 1587.9325pt x 1154.3125pt>
File: ./imagens//MaxV-ManyK.png Graphic file (type png)
<use ./imagens//MaxV-ManyK.png>
Package pdftex.def Info: ./imagens//MaxV-ManyK.png  used on input line 150.
(pdftex.def)             Requested size: 317.58087pt x 230.85841pt.
<./imagens//MaxV-ManyL.png, id=94, 1562.83875pt x 1140.26pt>
File: ./imagens//MaxV-ManyL.png Graphic file (type png)
<use ./imagens//MaxV-ManyL.png>
Package pdftex.def Info: ./imagens//MaxV-ManyL.png  used on input line 157.
(pdftex.def)             Requested size: 312.56221pt x 228.04796pt.
 [4 <./imagens/MaxV-manyK.png> <./imagens/MaxV-manyL.png>]
[5]
<./imagens//L4-alpha0-beta0-D1.png, id=136, 1246.6575pt x 471.7625pt>
File: ./imagens//L4-alpha0-beta0-D1.png Graphic file (type png)
<use ./imagens//L4-alpha0-beta0-D1.png>
Package pdftex.def Info: ./imagens//L4-alpha0-beta0-D1.png  used on input line 
234.
(pdftex.def)             Requested size: 436.33667pt x 165.11934pt.
<./imagens//L4-alpha1-beta1-D1.png, id=137, 1247.66125pt x 470.75874pt>
File: ./imagens//L4-alpha1-beta1-D1.png Graphic file (type png)
<use ./imagens//L4-alpha1-beta1-D1.png>
Package pdftex.def Info: ./imagens//L4-alpha1-beta1-D1.png  used on input line 
241.
(pdftex.def)             Requested size: 436.68797pt x 164.76802pt.
<./imagens//L4-alpha1-beta5-D2.png, id=138, 1241.63875pt x 469.755pt>
File: ./imagens//L4-alpha1-beta5-D2.png Graphic file (type png)
<use ./imagens//L4-alpha1-beta5-D2.png>
Package pdftex.def Info: ./imagens//L4-alpha1-beta5-D2.png  used on input line 
248.
(pdftex.def)             Requested size: 434.58008pt x 164.41672pt.


LaTeX Warning: `h' float specifier changed to `ht'.

<./imagens//L8-alpha0-beta0-D1.png, id=139, 1248.665pt x 475.7775pt>
File: ./imagens//L8-alpha0-beta0-D1.png Graphic file (type png)
<use ./imagens//L8-alpha0-beta0-D1.png>
Package pdftex.def Info: ./imagens//L8-alpha0-beta0-D1.png  used on input line 
255.
(pdftex.def)             Requested size: 437.03929pt x 166.52461pt.

LaTeX Warning: `h' float specifier changed to `ht'.

<./imagens//L8-alpha1-beta1-D1.png, id=140, 1242.6425pt x 470.75874pt>
File: ./imagens//L8-alpha1-beta1-D1.png Graphic file (type png)
<use ./imagens//L8-alpha1-beta1-D1.png>
Package pdftex.def Info: ./imagens//L8-alpha1-beta1-D1.png  used on input line 
262.
(pdftex.def)             Requested size: 434.9314pt x 164.76802pt.

LaTeX Warning: `h' float specifier changed to `ht'.

<./imagens//L8-alpha1-beta5-D2.png, id=141, 1241.63875pt x 470.75874pt>
File: ./imagens//L8-alpha1-beta5-D2.png Graphic file (type png)
<use ./imagens//L8-alpha1-beta5-D2.png>
Package pdftex.def Info: ./imagens//L8-alpha1-beta5-D2.png  used on input line 
269.
(pdftex.def)             Requested size: 434.58008pt x 164.76802pt.

LaTeX Warning: `h' float specifier changed to `ht'.

<./imagens//Max-alpha0-beta0-D1.png, id=142, 586.19pt x 451.6875pt>
File: ./imagens//Max-alpha0-beta0-D1.png Graphic file (type png)
<use ./imagens//Max-alpha0-beta0-D1.png>
Package pdftex.def Info: ./imagens//Max-alpha0-beta0-D1.png  used on input line
 276.
(pdftex.def)             Requested size: 205.16957pt x 158.09299pt.
<./imagens//TamanhoMax-alpha1-beta1-D1.png, id=143, 590.205pt x 451.6875pt>
File: ./imagens//TamanhoMax-alpha1-beta1-D1.png Graphic file (type png)
<use ./imagens//TamanhoMax-alpha1-beta1-D1.png>
Package pdftex.def Info: ./imagens//TamanhoMax-alpha1-beta1-D1.png  used on inp
ut line 278.
(pdftex.def)             Requested size: 206.57484pt x 158.09299pt.

LaTeX Warning: `h' float specifier changed to `ht'.

<./imagens//TamanhoMax-alpha1-beta5-D2.png, id=144, 592.2125pt x 457.71pt>
File: ./imagens//TamanhoMax-alpha1-beta5-D2.png Graphic file (type png)
<use ./imagens//TamanhoMax-alpha1-beta5-D2.png>
Package pdftex.def Info: ./imagens//TamanhoMax-alpha1-beta5-D2.png  used on inp
ut line 285.
(pdftex.def)             Requested size: 207.27747pt x 160.2009pt.
<./imagens//TamanhoMax-alpha1-beta5-D10.png, id=145, 611.28375pt x 456.70625pt>

File: ./imagens//TamanhoMax-alpha1-beta5-D10.png Graphic file (type png)
<use ./imagens//TamanhoMax-alpha1-beta5-D10.png>
Package pdftex.def Info: ./imagens//TamanhoMax-alpha1-beta5-D10.png  used on in
put line 287.
(pdftex.def)             Requested size: 213.95251pt x 159.84958pt.

LaTeX Warning: `h' float specifier changed to `ht'.

<./imagens//TamanhoMax-alpha1-beta1000-D2.png, id=146, 622.325pt x 464.73625pt>

File: ./imagens//TamanhoMax-alpha1-beta1000-D2.png Graphic file (type png)
<use ./imagens//TamanhoMax-alpha1-beta1000-D2.png>
Package pdftex.def Info: ./imagens//TamanhoMax-alpha1-beta1000-D2.png  used on 
input line 294.
(pdftex.def)             Requested size: 217.817pt x 162.66011pt.
<./imagens//TamanhoMax-alpha5-beta5-D2.png, id=147, 580.1675pt x 458.71375pt>
File: ./imagens//TamanhoMax-alpha5-beta5-D2.png Graphic file (type png)
<use ./imagens//TamanhoMax-alpha5-beta5-D2.png>
Package pdftex.def Info: ./imagens//TamanhoMax-alpha5-beta5-D2.png  used on inp
ut line 296.
(pdftex.def)             Requested size: 203.06166pt x 160.55222pt.

LaTeX Warning: `h' float specifier changed to `ht'.

[6 <./imagens//L4-alpha0-beta0-D1.png> <./imagens//L4-alpha1-beta1-D1.png>]
[7 <./imagens//L4-alpha1-beta5-D2.png> <./imagens//L8-alpha0-beta0-D1.png>]
[8 <./imagens//L8-alpha1-beta1-D1.png> <./imagens//L8-alpha1-beta5-D2.png>]
<./imagens//Two-P-00-Diffusion-Time-1.png, id=200, 611.4042pt x 435.0654pt>
File: ./imagens//Two-P-00-Diffusion-Time-1.png Graphic file (type png)
<use ./imagens//Two-P-00-Diffusion-Time-1.png>
Package pdftex.def Info: ./imagens//Two-P-00-Diffusion-Time-1.png  used on inpu
t line 402.
(pdftex.def)             Requested size: 213.99467pt x 152.27516pt.
<./imagens//Two-P-01-Diffusion-Time-2.png, id=202, 611.4042pt x 435.0654pt>
File: ./imagens//Two-P-01-Diffusion-Time-2.png Graphic file (type png)
<use ./imagens//Two-P-01-Diffusion-Time-2.png>
Package pdftex.def Info: ./imagens//Two-P-01-Diffusion-Time-2.png  used on inpu
t line 404.
(pdftex.def)             Requested size: 213.99467pt x 152.27516pt.

[9 <./imagens//Max-alpha0-beta0-D1.png> <./imagens//TamanhoMax-alpha1-beta1-D1.
png>]

LaTeX Warning: `h' float specifier changed to `ht'.

<./imagens//Two-P-02-Diffusion-Space-1.png, id=219, 611.4042pt x 435.0654pt>
File: ./imagens//Two-P-02-Diffusion-Space-1.png Graphic file (type png)
<use ./imagens//Two-P-02-Diffusion-Space-1.png>
Package pdftex.def Info: ./imagens//Two-P-02-Diffusion-Space-1.png  used on inp
ut line 411.
(pdftex.def)             Requested size: 213.99467pt x 152.27516pt.
<./imagens//Two-P-03-Diffusion-Space-2.png, id=220, 611.4042pt x 435.0654pt>
File: ./imagens//Two-P-03-Diffusion-Space-2.png Graphic file (type png)
<use ./imagens//Two-P-03-Diffusion-Space-2.png>
Package pdftex.def Info: ./imagens//Two-P-03-Diffusion-Space-2.png  used on inp
ut line 413.
(pdftex.def)             Requested size: 213.99467pt x 152.27516pt.

LaTeX Warning: `h' float specifier changed to `ht'.

<./imagens//Two-P-04-Competition-Time-1.png, id=221, 611.4042pt x 435.0654pt>
File: ./imagens//Two-P-04-Competition-Time-1.png Graphic file (type png)
<use ./imagens//Two-P-04-Competition-Time-1.png>
Package pdftex.def Info: ./imagens//Two-P-04-Competition-Time-1.png  used on in
put line 420.
(pdftex.def)             Requested size: 213.99467pt x 152.27516pt.
<./imagens//Two-P-05-Competition-Time-2.png, id=222, 611.4042pt x 435.0654pt>
File: ./imagens//Two-P-05-Competition-Time-2.png Graphic file (type png)
<use ./imagens//Two-P-05-Competition-Time-2.png>
Package pdftex.def Info: ./imagens//Two-P-05-Competition-Time-2.png  used on in
put line 422.
(pdftex.def)             Requested size: 213.99467pt x 152.27516pt.

LaTeX Warning: `h' float specifier changed to `ht'.

<./imagens//Two-P-06-Competition-Space-1.png, id=223, 611.4042pt x 435.0654pt>
File: ./imagens//Two-P-06-Competition-Space-1.png Graphic file (type png)
<use ./imagens//Two-P-06-Competition-Space-1.png>
Package pdftex.def Info: ./imagens//Two-P-06-Competition-Space-1.png  used on i
nput line 429.
(pdftex.def)             Requested size: 213.99467pt x 152.27516pt.
<./imagens//Two-P-07-Competition-Space-2.png, id=224, 611.4042pt x 435.0654pt>
File: ./imagens//Two-P-07-Competition-Space-2.png Graphic file (type png)
<use ./imagens//Two-P-07-Competition-Space-2.png>
Package pdftex.def Info: ./imagens//Two-P-07-Competition-Space-2.png  used on i
nput line 431.
(pdftex.def)             Requested size: 213.99467pt x 152.27516pt.

LaTeX Warning: `h' float specifier changed to `ht'.

<./imagens//Two-P-08-Coexistence-Time-1.png, id=226, 611.4042pt x 435.0654pt>
File: ./imagens//Two-P-08-Coexistence-Time-1.png Graphic file (type png)
<use ./imagens//Two-P-08-Coexistence-Time-1.png>
Package pdftex.def Info: ./imagens//Two-P-08-Coexistence-Time-1.png  used on in
put line 438.
(pdftex.def)             Requested size: 213.99467pt x 152.27516pt.
<./imagens//Two-P-09-Coexistence-Time-2.png, id=227, 611.4042pt x 435.0654pt>
File: ./imagens//Two-P-09-Coexistence-Time-2.png Graphic file (type png)
<use ./imagens//Two-P-09-Coexistence-Time-2.png>
Package pdftex.def Info: ./imagens//Two-P-09-Coexistence-Time-2.png  used on in
put line 440.
(pdftex.def)             Requested size: 213.99467pt x 152.27516pt.

LaTeX Warning: `h' float specifier changed to `ht'.

<./imagens//Two-P-10-Coexistence-Space-1.png, id=228, 611.4042pt x 435.0654pt>
File: ./imagens//Two-P-10-Coexistence-Space-1.png Graphic file (type png)
<use ./imagens//Two-P-10-Coexistence-Space-1.png>
Package pdftex.def Info: ./imagens//Two-P-10-Coexistence-Space-1.png  used on i
nput line 447.
(pdftex.def)             Requested size: 213.99467pt x 152.27516pt.
<./imagens//Two-P-11-Coexistence-Space-2.png, id=229, 611.4042pt x 435.0654pt>
File: ./imagens//Two-P-11-Coexistence-Space-2.png Graphic file (type png)
<use ./imagens//Two-P-11-Coexistence-Space-2.png>
Package pdftex.def Info: ./imagens//Two-P-11-Coexistence-Space-2.png  used on i
nput line 449.
(pdftex.def)             Requested size: 213.99467pt x 152.27516pt.

LaTeX Warning: `h' float specifier changed to `ht'.

<./imagens//Two-P-12-Elimination-Diffusion-Time-1.png, id=231, 611.4042pt x 435
.0654pt>
File: ./imagens//Two-P-12-Elimination-Diffusion-Time-1.png Graphic file (type p
ng)
<use ./imagens//Two-P-12-Elimination-Diffusion-Time-1.png>
Package pdftex.def Info: ./imagens//Two-P-12-Elimination-Diffusion-Time-1.png  
used on input line 456.
(pdftex.def)             Requested size: 213.99467pt x 152.27516pt.
<./imagens//Two-P-13-Elimination-Diffusion-Time-2.png, id=232, 611.4042pt x 435
.0654pt>
File: ./imagens//Two-P-13-Elimination-Diffusion-Time-2.png Graphic file (type p
ng)
<use ./imagens//Two-P-13-Elimination-Diffusion-Time-2.png>
Package pdftex.def Info: ./imagens//Two-P-13-Elimination-Diffusion-Time-2.png  
used on input line 458.
(pdftex.def)             Requested size: 213.99467pt x 152.27516pt.

LaTeX Warning: `h' float specifier changed to `ht'.

<./imagens//Two-P-14-Elimination-Diffusion-Space-1.png, id=233, 611.4042pt x 43
5.0654pt>
File: ./imagens//Two-P-14-Elimination-Diffusion-Space-1.png Graphic file (type 
png)
<use ./imagens//Two-P-14-Elimination-Diffusion-Space-1.png>
Package pdftex.def Info: ./imagens//Two-P-14-Elimination-Diffusion-Space-1.png 
 used on input line 465.
(pdftex.def)             Requested size: 213.99467pt x 152.27516pt.
<./imagens//Two-P-15-Elimination-Diffusion-Space-2.png, id=234, 611.4042pt x 43
5.0654pt>
File: ./imagens//Two-P-15-Elimination-Diffusion-Space-2.png Graphic file (type 
png)
<use ./imagens//Two-P-15-Elimination-Diffusion-Space-2.png>
Package pdftex.def Info: ./imagens//Two-P-15-Elimination-Diffusion-Space-2.png 
 used on input line 467.
(pdftex.def)             Requested size: 213.99467pt x 152.27516pt.

LaTeX Warning: `h' float specifier changed to `ht'.

<./imagens//Two-P-16-Elimination-Area-Time-1.png, id=236, 611.4042pt x 435.0654
pt>
File: ./imagens//Two-P-16-Elimination-Area-Time-1.png Graphic file (type png)
<use ./imagens//Two-P-16-Elimination-Area-Time-1.png>
Package pdftex.def Info: ./imagens//Two-P-16-Elimination-Area-Time-1.png  used 
on input line 474.
(pdftex.def)             Requested size: 213.99467pt x 152.27516pt.
<./imagens//Two-P-17-Elimination-Area-Time-2.png, id=237, 611.4042pt x 435.0654
pt>
File: ./imagens//Two-P-17-Elimination-Area-Time-2.png Graphic file (type png)
<use ./imagens//Two-P-17-Elimination-Area-Time-2.png>
Package pdftex.def Info: ./imagens//Two-P-17-Elimination-Area-Time-2.png  used 
on input line 476.
(pdftex.def)             Requested size: 213.99467pt x 152.27516pt.

LaTeX Warning: `h' float specifier changed to `ht'.

<./imagens//Two-P-18-Elimination-Area-Space-1.png, id=238, 611.4042pt x 435.065
4pt>
File: ./imagens//Two-P-18-Elimination-Area-Space-1.png Graphic file (type png)
<use ./imagens//Two-P-18-Elimination-Area-Space-1.png>
Package pdftex.def Info: ./imagens//Two-P-18-Elimination-Area-Space-1.png  used
 on input line 483.
(pdftex.def)             Requested size: 213.99467pt x 152.27516pt.
<./imagens//Two-P-19-Elimination-Area-Space-2.png, id=239, 611.4042pt x 435.065
4pt>
File: ./imagens//Two-P-19-Elimination-Area-Space-2.png Graphic file (type png)
<use ./imagens//Two-P-19-Elimination-Area-Space-2.png>
Package pdftex.def Info: ./imagens//Two-P-19-Elimination-Area-Space-2.png  used
 on input line 485.
(pdftex.def)             Requested size: 213.99467pt x 152.27516pt.

LaTeX Warning: `h' float specifier changed to `ht'.

<./imagens//Two-P-20-Population-Competition-Area-Time-Both.png, id=241, 596.950
2pt x 420.6114pt>
File: ./imagens//Two-P-20-Population-Competition-Area-Time-Both.png Graphic fil
e (type png)
<use ./imagens//Two-P-20-Population-Competition-Area-Time-Both.png>
Package pdftex.def Info: ./imagens//Two-P-20-Population-Competition-Area-Time-B
oth.png  used on input line 492.
(pdftex.def)             Requested size: 268.6251pt x 189.27338pt.

LaTeX Warning: `h' float specifier changed to `ht'.

<./imagens//Two-P-21-Population-Competition-Time-1.png, id=242, 596.9502pt x 42
0.6114pt>
File: ./imagens//Two-P-21-Population-Competition-Time-1.png Graphic file (type 
png)
<use ./imagens//Two-P-21-Population-Competition-Time-1.png>
Package pdftex.def Info: ./imagens//Two-P-21-Population-Competition-Time-1.png 
 used on input line 499.
(pdftex.def)             Requested size: 208.9357pt x 147.21619pt.
<./imagens//Two-P-22-Population-Competition-Time-2.png, id=243, 603.4545pt x 42
0.6114pt>
File: ./imagens//Two-P-22-Population-Competition-Time-2.png Graphic file (type 
png)
<use ./imagens//Two-P-22-Population-Competition-Time-2.png>
Package pdftex.def Info: ./imagens//Two-P-22-Population-Competition-Time-2.png 
 used on input line 501.
(pdftex.def)             Requested size: 211.21223pt x 147.21619pt.

LaTeX Warning: `h' float specifier changed to `ht'.

[10 <./imagens//TamanhoMax-alpha1-beta5-D2.png> <./imagens//TamanhoMax-alpha1-b
eta5-D10.png>] [11 <./imagens//TamanhoMax-alpha1-beta1000-D2.png> <./imagens//T
amanhoMax-alpha5-beta5-D2.png> <./imagens//Two-P-00-Diffusion-Time-1.png> <./im
agens//Two-P-01-Diffusion-Time-2.png>] [12 <./imagens//Two-P-02-Diffusion-Space
-1.png> <./imagens//Two-P-03-Diffusion-Space-2.png> <./imagens//Two-P-04-Compet
ition-Time-1.png> <./imagens//Two-P-05-Competition-Time-2.png> <./imagens//Two-
P-06-Competition-Space-1.png> <./imagens//Two-P-07-Competition-Space-2.png>]
[13 <./imagens//Two-P-08-Coexistence-Time-1.png> <./imagens//Two-P-09-Coexisten
ce-Time-2.png> <./imagens//Two-P-10-Coexistence-Space-1.png> <./imagens//Two-P-
11-Coexistence-Space-2.png> <./imagens//Two-P-12-Elimination-Diffusion-Time-1.p
ng> <./imagens//Two-P-13-Elimination-Diffusion-Time-2.png>] [14 <./imagens//Two
-P-14-Elimination-Diffusion-Space-1.png> <./imagens//Two-P-15-Elimination-Diffu
sion-Space-2.png> <./imagens//Two-P-16-Elimination-Area-Time-1.png> <./imagens/
/Two-P-17-Elimination-Area-Time-2.png> <./imagens//Two-P-18-Elimination-Area-Sp
ace-1.png> <./imagens//Two-P-19-Elimination-Area-Space-2.png>] [15 <./imagens//
Two-P-20-Population-Competition-Area-Time-Both.png> <./imagens//Two-P-21-Popula
tion-Competition-Time-1.png> <./imagens//Two-P-22-Population-Competition-Time-2
.png>] (./Relatorio.aux)
Package rerunfilecheck Info: File `Relatorio.out' has not changed.
(rerunfilecheck)             Checksum: F209D08AEEF8AD90714B94B41EF8E66E;1264.
 ) 
Here is how much of TeX's memory you used:
 12552 strings out of 478287
 209115 string characters out of 5849290
 518678 words of memory out of 5000000
 30450 multiletter control sequences out of 15000+600000
 478113 words of font info for 62 fonts, out of 8000000 for 9000
 1141 hyphenation exceptions out of 8191
 69i,10n,79p,1153b,414s stack positions out of 5000i,500n,10000p,200000b,80000s
{/usr/share/texmf/fonts/enc/dvips/cm-super/cm-super-ts1.enc}</usr/share/texli
ve/texmf-dist/fonts/type1/public/amsfonts/cm/cmbx10.pfb></usr/share/texlive/tex
mf-dist/fonts/type1/public/amsfonts/cm/cmbx12.pfb></usr/share/texlive/texmf-dis
t/fonts/type1/public/amsfonts/cm/cmbx7.pfb></usr/share/texlive/texmf-dist/fonts
/type1/public/amsfonts/cm/cmex10.pfb></usr/share/texlive/texmf-dist/fonts/type1
/public/amsfonts/cm/cmmi10.pfb></usr/share/texlive/texmf-dist/fonts/type1/publi
c/amsfonts/cm/cmmi7.pfb></usr/share/texlive/texmf-dist/fonts/type1/public/amsfo
nts/cm/cmr10.pfb></usr/share/texlive/texmf-dist/fonts/type1/public/amsfonts/cm/
cmr12.pfb></usr/share/texlive/texmf-dist/fonts/type1/public/amsfonts/cm/cmr17.p
fb></usr/share/texlive/texmf-dist/fonts/type1/public/amsfonts/cm/cmr5.pfb></usr
/share/texlive/texmf-dist/fonts/type1/public/amsfonts/cm/cmr7.pfb></usr/share/t
exlive/texmf-dist/fonts/type1/public/amsfonts/cm/cmr8.pfb></usr/share/texlive/t
exmf-dist/fonts/type1/public/amsfonts/cm/cmsy10.pfb></usr/share/texlive/texmf-d
ist/fonts/type1/public/amsfonts/cm/cmsy5.pfb></usr/share/texlive/texmf-dist/fon
ts/type1/public/amsfonts/cm/cmsy7.pfb></usr/share/texlive/texmf-dist/fonts/type
1/public/amsfonts/cm/cmti10.pfb></usr/share/texmf/fonts/type1/public/cm-super/s
frm1000.pfb>
Output written on Relatorio.pdf (15 pages, 3569036 bytes).
PDF statistics:
 438 PDF objects out of 1000 (max. 8388607)
 322 compressed objects within 4 object streams
 142 named destinations out of 1000 (max. 500000)
 255 words of extra memory for PDF output out of 10000 (max. 10000000)

